<?xml version="1.0" encoding='ISO-8859-1' standalone='yes' ?>
<TestRun>
  <FailedTests></FailedTests>
  <SuccessfulTests>
    <Test id="1">
      <Name>TestFileManager::testVerifyImage</Name>
    </Test>
    <Test id="2">
      <Name>TestRedFilter::testApplyFilter</Name>
    </Test>
    <Test id="3">
      <Name>TestGreenFilter::testApplyFilter</Name>
    </Test>
    <Test id="4">
      <Name>TestBluefilter::TestApplyBluefilter</Name>
    </Test>
    <Test id="5">
      <Name>TestTileFilter::testApplyFilter</Name>
    </Test>
  </SuccessfulTests>
  <Statistics>
    <Tests>5</Tests>
    <FailuresTotal>0</FailuresTotal>
    <Errors>0</Errors>
    <Failures>0</Failures>
  </Statistics>
</TestRun>
